<?xml version="1.0" encoding="UTF-8"?>
<!-- Generated by org.testng.reporters.JUnitXMLReporter -->
<testsuite hostname="ip-172-31-64-30" ignored="0" name="Test" tests="1" failures="1" timestamp="14 Aug 2021 16:47:19 GMT" time="6.512" errors="0">
  <testcase name="LoginFailiureTest" time="3.84" classname="test.LoginTest">
    <failure type="java.lang.AssertionError" message="expected [The email or password you have entered is invalid] but found [The email or password you have entered is invalid.]">
      <![CDATA[java.lang.AssertionError: expected [The email or password you have entered is invalid] but found [The email or password you have entered is invalid.]
at test.LoginTest.LoginFailiureTest(LoginTest.java:66)
... Removed 31 stack frames]]>
    </failure>
  </testcase> <!-- LoginFailiureTest -->
</testsuite> <!-- Test -->
