<?xml version="1.0" encoding="UTF-8"?>
<!-- Generated by org.testng.reporters.JUnitXMLReporter -->
<testsuite hostname="ip-172-31-64-30" ignored="2" name="Banking Test" tests="3" failures="0" timestamp="14 Aug 2021 15:07:21 GMT" time="0.062" errors="0">
  <testcase name="CreditCardTest1" time="0.015" classname="testNG.Testcase2"/>
  <testcase name="HomeLoanTest3" time="0.003" classname="testNG.Testcase2"/>
  <testcase name="HomeLoanTest2" time="0.007" classname="testNG.Testcase1"/>
  <testcase name="CarLoanTest1" time="0.0" classname="testNG.Testcase1">
    <ignored/>
  </testcase> <!-- CarLoanTest1 -->
  <testcase name="HomeLoanTest1" time="0.0" classname="testNG.Testcase1">
    <ignored/>
  </testcase> <!-- HomeLoanTest1 -->
</testsuite> <!-- Banking Test -->
