<?xml version="1.0" encoding="UTF-8"?>
<testng-results skipped="0" failed="0" ignored="0" total="1" passed="1">
  <reporter-output>
  </reporter-output>
  <suite name="Suite" duration-ms="4965" started-at="2021-08-15T15:20:37Z" finished-at="2021-08-15T15:20:42Z">
    <groups>
    </groups>
    <test name="Test" duration-ms="4965" started-at="2021-08-15T15:20:37Z" finished-at="2021-08-15T15:20:42Z">
      <class name="test.LoginTest">
        <test-method status="PASS" signature="SetUp()[pri:0, instance:test.LoginTest@2781e022]" name="SetUp" is-config="true" duration-ms="1640" started-at="2021-08-15T15:20:37Z" finished-at="2021-08-15T15:20:39Z">
          <reporter-output>
          </reporter-output>
        </test-method> <!-- SetUp -->
        <test-method status="PASS" signature="LoginFailiureTest(java.lang.String, java.lang.String)[pri:0, instance:test.LoginTest@2781e022]" name="LoginFailiureTest" duration-ms="3221" started-at="2021-08-15T15:20:39Z" finished-at="2021-08-15T15:20:42Z">
          <params>
            <param index="0">
              <value>
                <![CDATA[abc@xyz.com]]>
              </value>
            </param>
            <param index="1">
              <value>
                <![CDATA[Abc@12345]]>
              </value>
            </param>
          </params>
          <reporter-output>
          </reporter-output>
        </test-method> <!-- LoginFailiureTest -->
        <test-method status="PASS" signature="TearDown()[pri:0, instance:test.LoginTest@2781e022]" name="TearDown" is-config="true" duration-ms="78" started-at="2021-08-15T15:20:42Z" finished-at="2021-08-15T15:20:42Z">
          <reporter-output>
          </reporter-output>
        </test-method> <!-- TearDown -->
      </class> <!-- test.LoginTest -->
    </test> <!-- Test -->
  </suite> <!-- Suite -->
</testng-results>
